f:\proyecto_lab\proyecto_lab\debug\vc141.pdb
f:\proyecto_lab\proyecto_lab\debug\vc141.idb
f:\proyecto_lab\proyecto_lab\debug\texture.obj
f:\proyecto_lab\proyecto_lab\debug\proyectolab.obj
f:\proyecto_lab\proyecto_lab\debug\figuras.obj
f:\proyecto_lab\proyecto_lab\debug\camera.obj
c:\users\mtz-t\documents\martin\laboratorio\proyecto_lab\debug\vc141.pdb
c:\users\mtz-t\documents\martin\laboratorio\proyecto_lab\debug\vc141.idb
c:\users\mtz-t\documents\martin\laboratorio\proyecto_lab\debug\texture.obj
c:\users\mtz-t\documents\martin\laboratorio\proyecto_lab\debug\figuras.obj
c:\users\mtz-t\documents\martin\laboratorio\proyecto_lab\debug\camera.obj
f:\proyecto_lab\debug\proyecto_lab.exe
f:\proyecto_lab\debug\proyecto_lab.ilk
f:\proyecto_lab\debug\proyecto_lab.pdb
c:\users\mtz-t\documents\martin\laboratorio\proyecto_lab\debug\proyectolab.obj
c:\users\mtz-t\documents\martin\laboratorio\debug\proyecto_lab.pdb
c:\users\mtz-t\documents\martin\laboratorio\debug\proyecto_lab.exe
c:\users\mtz-t\documents\martin\laboratorio\debug\proyecto_lab.ilk
c:\users\mtz-t\documents\martin\laboratorio\proyecto_lab\debug\proyecto_lab.tlog\cl.command.1.tlog
c:\users\mtz-t\documents\martin\laboratorio\proyecto_lab\debug\proyecto_lab.tlog\cl.read.1.tlog
c:\users\mtz-t\documents\martin\laboratorio\proyecto_lab\debug\proyecto_lab.tlog\cl.write.1.tlog
c:\users\mtz-t\documents\martin\laboratorio\proyecto_lab\debug\proyecto_lab.tlog\link.command.1.tlog
c:\users\mtz-t\documents\martin\laboratorio\proyecto_lab\debug\proyecto_lab.tlog\link.read.1.tlog
c:\users\mtz-t\documents\martin\laboratorio\proyecto_lab\debug\proyecto_lab.tlog\link.write.1.tlog
